app/build/outputs/logs/manifest-merger-debug-report.txt
-- Merging decision tree log ---
manifest
ADDED from src/main/AndroidManifest.xml:1:1-162:12
	package
		ADDED from src/main/AndroidManifest.xml:2:9-47
		INJECTED from src/main/AndroidManifest.xml
		INJECTED from src/main/AndroidManifest.xml
	android:versionName
		ADDED from src/main/AndroidManifest.xml:3:33-58
		INJECTED from src/main/AndroidManifest.xml
		INJECTED from src/main/AndroidManifest.xml
	android:versionCode
		ADDED from src/main/AndroidManifest.xml:3:9-32
		INJECTED from src/main/AndroidManifest.xml
		INJECTED from src/main/AndroidManifest.xml
	xmlns:android
		ADDED from src/main/AndroidManifest.xml:1:11-69
uses-permission#android.permission.RECEIVE_BOOT_COMPLETED
ADDED from src/main/AndroidManifest.xml:5:5-81
	android:name
		ADDED from src/main/AndroidManifest.xml:5:22-78
uses-permission#android.permission.WAKE_LOCK
ADDED from src/main/AndroidManifest.xml:6:5-67
	android:name
		ADDED from src/main/AndroidManifest.xml:6:22-65
uses-permission#android.permission.VIBRATE
ADDED from src/main/AndroidManifest.xml:7:5-65
MERGED from [espresso-cucumber-spoon-example:datetimepicker:unspecified] AndroidManifest.xml:24:5-66
	android:name
		ADDED from src/main/AndroidManifest.xml:7:22-63
uses-permission#android.permission.WRITE_SETTINGS
ADDED from src/main/AndroidManifest.xml:8:5-73
	android:name
		ADDED from src/main/AndroidManifest.xml:8:22-70
uses-permission#android.permission.DISABLE_KEYGUARD
ADDED from src/main/AndroidManifest.xml:9:5-75
	android:name
		ADDED from src/main/AndroidManifest.xml:9:22-72
uses-permission#android.permission.READ_PHONE_STATE
ADDED from src/main/AndroidManifest.xml:10:5-75
	android:name
		ADDED from src/main/AndroidManifest.xml:10:22-72
uses-permission#android.permission.DEVICE_POWER
ADDED from src/main/AndroidManifest.xml:11:5-71
	android:name
		ADDED from src/main/AndroidManifest.xml:11:22-68
uses-permission#android.permission.READ_EXTERNAL_STORAGE
ADDED from src/main/AndroidManifest.xml:12:5-80
	android:name
		ADDED from src/main/AndroidManifest.xml:12:22-77
uses-permission#android.permission.INTERNET
ADDED from src/main/AndroidManifest.xml:13:5-67
	android:name
		ADDED from src/main/AndroidManifest.xml:13:22-64
uses-permission#android.permission.ACCESS_NETWORK_STATE
ADDED from src/main/AndroidManifest.xml:14:5-79
	android:name
		ADDED from src/main/AndroidManifest.xml:14:22-76
uses-sdk
ADDED from src/main/AndroidManifest.xml:15:5-84
MERGED from [com.android.support:multidex:1.0.1] AndroidManifest.xml:18:5-42
MERGED from [espresso-cucumber-spoon-example:datetimepicker:unspecified] AndroidManifest.xml:22:5-44
MERGED from [com.android.support:support-v13:21.0.3] AndroidManifest.xml:15:5-43
MERGED from [com.android.support:support-v4:21.0.3] AndroidManifest.xml:15:5-42
	android:targetSdkVersion
		ADDED from src/main/AndroidManifest.xml:15:42-71
		INJECTED from src/main/AndroidManifest.xml
		INJECTED from src/main/AndroidManifest.xml
	android:minSdkVersion
		ADDED from src/main/AndroidManifest.xml:15:15-41
		INJECTED from src/main/AndroidManifest.xml
		INJECTED from src/main/AndroidManifest.xml
application
ADDED from src/main/AndroidManifest.xml:17:5-161:19
MERGED from [com.android.support:support-v13:21.0.3] AndroidManifest.xml:16:5-19
MERGED from [com.android.support:support-v4:21.0.3] AndroidManifest.xml:16:5-19
	android:label
		ADDED from src/main/AndroidManifest.xml:17:18-51
	android:supportsRtl
		ADDED from src/main/AndroidManifest.xml:20:18-44
	android:requiredForAllUsers
		ADDED from src/main/AndroidManifest.xml:19:18-52
	android:icon
		ADDED from src/main/AndroidManifest.xml:18:18-63
provider#com.embeddedlog.LightUpDroid.provider.ClockProvider
ADDED from src/main/AndroidManifest.xml:22:9-24:44
	android:authorities
		ADDED from src/main/AndroidManifest.xml:23:17-67
	android:exported
		ADDED from src/main/AndroidManifest.xml:24:17-41
	android:name
		ADDED from src/main/AndroidManifest.xml:22:19-85
activity#com.embeddedlog.LightUpDroid.DeskClock
ADDED from src/main/AndroidManifest.xml:26:9-39:20
	android:screenOrientation
		ADDED from src/main/AndroidManifest.xml:30:17-53
	android:label
		ADDED from src/main/AndroidManifest.xml:27:17-50
	android:launchMode
		ADDED from src/main/AndroidManifest.xml:31:17-48
	android:icon
		ADDED from src/main/AndroidManifest.xml:29:17-57
	android:theme
		ADDED from src/main/AndroidManifest.xml:28:17-49
	android:name
		ADDED from src/main/AndroidManifest.xml:26:19-72
intent-filter#android.intent.action.MAIN+android.intent.category.DEFAULT+android.intent.category.LAUNCHER
ADDED from src/main/AndroidManifest.xml:34:13-38:29
action#android.intent.action.MAIN
ADDED from src/main/AndroidManifest.xml:35:17-69
	android:name
		ADDED from src/main/AndroidManifest.xml:35:25-66
category#android.intent.category.DEFAULT
ADDED from src/main/AndroidManifest.xml:36:17-76
	android:name
		ADDED from src/main/AndroidManifest.xml:36:27-73
category#android.intent.category.LAUNCHER
ADDED from src/main/AndroidManifest.xml:37:17-77
	android:name
		ADDED from src/main/AndroidManifest.xml:37:27-74
activity-alias#com.embeddedlog.LightUpDroid.DockClock
ADDED from src/main/AndroidManifest.xml:41:9-54:26
	android:enabled
		ADDED from src/main/AndroidManifest.xml:47:17-62
	android:label
		ADDED from src/main/AndroidManifest.xml:43:17-50
	android:launchMode
		ADDED from src/main/AndroidManifest.xml:46:17-48
	android:targetActivity
		ADDED from src/main/AndroidManifest.xml:42:17-80
	android:icon
		ADDED from src/main/AndroidManifest.xml:45:17-62
	android:theme
		ADDED from src/main/AndroidManifest.xml:44:17-49
	android:name
		ADDED from src/main/AndroidManifest.xml:41:25-49
intent-filter#android.intent.action.MAIN+android.intent.category.DEFAULT+android.intent.category.DESK_DOCK
ADDED from src/main/AndroidManifest.xml:49:13-53:29
category#android.intent.category.DESK_DOCK
ADDED from src/main/AndroidManifest.xml:52:17-78
	android:name
		ADDED from src/main/AndroidManifest.xml:52:27-75
activity#com.embeddedlog.LightUpDroid.SettingsActivity
ADDED from src/main/AndroidManifest.xml:56:9-66:20
	android:screenOrientation
		ADDED from src/main/AndroidManifest.xml:59:17-53
	android:label
		ADDED from src/main/AndroidManifest.xml:57:17-49
	android:excludeFromRecents
		ADDED from src/main/AndroidManifest.xml:61:17-50
	android:theme
		ADDED from src/main/AndroidManifest.xml:58:17-53
	android:taskAffinity
		ADDED from src/main/AndroidManifest.xml:60:17-40
	android:name
		ADDED from src/main/AndroidManifest.xml:56:19-79
intent-filter#android.intent.action.MAIN
ADDED from src/main/AndroidManifest.xml:63:13-65:29
activity#com.embeddedlog.LightUpDroid.worldclock.CitiesActivity
ADDED from src/main/AndroidManifest.xml:68:9-78:20
	android:screenOrientation
		ADDED from src/main/AndroidManifest.xml:71:17-53
	android:label
		ADDED from src/main/AndroidManifest.xml:69:17-62
	android:excludeFromRecents
		ADDED from src/main/AndroidManifest.xml:73:17-50
	android:theme
		ADDED from src/main/AndroidManifest.xml:70:17-51
	android:taskAffinity
		ADDED from src/main/AndroidManifest.xml:72:17-40
	android:name
		ADDED from src/main/AndroidManifest.xml:68:19-88
activity#com.embeddedlog.LightUpDroid.alarms.AlarmActivity
ADDED from src/main/AndroidManifest.xml:80:9-86:100
	android:excludeFromRecents
		ADDED from src/main/AndroidManifest.xml:82:17-50
	android:windowSoftInputMode
		ADDED from src/main/AndroidManifest.xml:84:17-64
	android:configChanges
		ADDED from src/main/AndroidManifest.xml:86:17-98
	android:showOnLockScreen
		ADDED from src/main/AndroidManifest.xml:85:17-48
	android:theme
		ADDED from src/main/AndroidManifest.xml:83:17-65
	android:taskAffinity
		ADDED from src/main/AndroidManifest.xml:81:17-40
	android:name
		ADDED from src/main/AndroidManifest.xml:80:19-83
activity#com.embeddedlog.LightUpDroid.ScreensaverActivity
ADDED from src/main/AndroidManifest.xml:88:9-92:90
	android:excludeFromRecents
		ADDED from src/main/AndroidManifest.xml:89:17-50
	android:configChanges
		ADDED from src/main/AndroidManifest.xml:92:17-87
	android:theme
		ADDED from src/main/AndroidManifest.xml:91:17-64
	android:taskAffinity
		ADDED from src/main/AndroidManifest.xml:90:17-40
	android:name
		ADDED from src/main/AndroidManifest.xml:88:19-82
receiver#com.embeddedlog.LightUpDroid.alarms.AlarmStateManager
ADDED from src/main/AndroidManifest.xml:94:9-96:20
	android:exported
		ADDED from src/main/AndroidManifest.xml:95:19-43
	android:name
		ADDED from src/main/AndroidManifest.xml:94:19-87
service#com.embeddedlog.LightUpDroid.alarms.AlarmService
ADDED from src/main/AndroidManifest.xml:98:9-100:19
	android:exported
		ADDED from src/main/AndroidManifest.xml:99:18-42
	android:name
		ADDED from src/main/AndroidManifest.xml:98:18-81
activity#com.embeddedlog.LightUpDroid.HandleApiCalls
ADDED from src/main/AndroidManifest.xml:102:9-118:20
	android:excludeFromRecents
		ADDED from src/main/AndroidManifest.xml:104:17-50
	android:permission
		ADDED from src/main/AndroidManifest.xml:105:17-76
	android:theme
		ADDED from src/main/AndroidManifest.xml:103:17-63
	android:name
		ADDED from src/main/AndroidManifest.xml:102:19-77
intent-filter#android.intent.action.SET_ALARM+android.intent.category.DEFAULT
ADDED from src/main/AndroidManifest.xml:106:13-109:29
action#android.intent.action.SET_ALARM
ADDED from src/main/AndroidManifest.xml:107:17-74
	android:name
		ADDED from src/main/AndroidManifest.xml:107:25-71
intent-filter#android.intent.action.SHOW_ALARMS+android.intent.category.DEFAULT
ADDED from src/main/AndroidManifest.xml:110:13-113:29
action#android.intent.action.SHOW_ALARMS
ADDED from src/main/AndroidManifest.xml:111:17-76
	android:name
		ADDED from src/main/AndroidManifest.xml:111:25-73
intent-filter#android.intent.action.SET_TIMER+android.intent.category.DEFAULT
ADDED from src/main/AndroidManifest.xml:114:13-117:29
action#android.intent.action.SET_TIMER
ADDED from src/main/AndroidManifest.xml:115:17-74
	android:name
		ADDED from src/main/AndroidManifest.xml:115:25-71
activity-alias#com.embeddedlog.LightUpDroid.HandleSetAlarm
ADDED from src/main/AndroidManifest.xml:120:9-123:26
	android:exported
		ADDED from src/main/AndroidManifest.xml:122:13-36
	android:targetActivity
		ADDED from src/main/AndroidManifest.xml:121:13-81
	android:name
		ADDED from src/main/AndroidManifest.xml:120:25-54
receiver#com.embeddedlog.LightUpDroid.AlarmInitReceiver
ADDED from src/main/AndroidManifest.xml:126:9-133:20
	android:name
		ADDED from src/main/AndroidManifest.xml:126:19-80
intent-filter#android.intent.action.BOOT_COMPLETED+android.intent.action.LOCALE_CHANGED+android.intent.action.TIMEZONE_CHANGED+android.intent.action.TIME_SET
ADDED from src/main/AndroidManifest.xml:127:13-132:29
	android:priority
		ADDED from src/main/AndroidManifest.xml:127:28-51
action#android.intent.action.BOOT_COMPLETED
ADDED from src/main/AndroidManifest.xml:128:17-79
	android:name
		ADDED from src/main/AndroidManifest.xml:128:25-76
action#android.intent.action.TIME_SET
ADDED from src/main/AndroidManifest.xml:129:17-73
	android:name
		ADDED from src/main/AndroidManifest.xml:129:25-70
action#android.intent.action.TIMEZONE_CHANGED
ADDED from src/main/AndroidManifest.xml:130:17-81
	android:name
		ADDED from src/main/AndroidManifest.xml:130:25-78
action#android.intent.action.LOCALE_CHANGED
ADDED from src/main/AndroidManifest.xml:131:17-79
	android:name
		ADDED from src/main/AndroidManifest.xml:131:25-76
service#com.embeddedlog.LightUpDroid.Screensaver
ADDED from src/main/AndroidManifest.xml:136:9-146:19
	android:label
		ADDED from src/main/AndroidManifest.xml:138:13-46
	android:exported
		ADDED from src/main/AndroidManifest.xml:137:13-36
	android:name
		ADDED from src/main/AndroidManifest.xml:136:18-73
intent-filter#android.intent.category.DEFAULT+android.service.dreams.DreamService
ADDED from src/main/AndroidManifest.xml:139:13-142:29
action#android.service.dreams.DreamService
ADDED from src/main/AndroidManifest.xml:140:17-78
	android:name
		ADDED from src/main/AndroidManifest.xml:140:25-75
meta-data#android.service.dream
ADDED from src/main/AndroidManifest.xml:143:13-145:54
	android:resource
		ADDED from src/main/AndroidManifest.xml:145:17-51
	android:name
		ADDED from src/main/AndroidManifest.xml:144:17-53
activity#com.embeddedlog.LightUpDroid.ScreensaverSettingsActivity
ADDED from src/main/AndroidManifest.xml:149:9-159:20
	android:label
		ADDED from src/main/AndroidManifest.xml:150:17-61
	android:excludeFromRecents
		ADDED from src/main/AndroidManifest.xml:153:17-50
	android:exported
		ADDED from src/main/AndroidManifest.xml:154:17-40
	android:theme
		ADDED from src/main/AndroidManifest.xml:151:17-58
	android:taskAffinity
		ADDED from src/main/AndroidManifest.xml:152:17-40
	android:name
		ADDED from src/main/AndroidManifest.xml:149:19-90